[2016-06-10 14:15:00] lumen.ERROR: ReflectionException: Class App\Http\Controllers\HomeController does not exist in C:\Web\skillbazaar\api\vendor\illuminate\container\Container.php:736
Stack trace:
#0 C:\Web\skillbazaar\api\vendor\illuminate\container\Container.php(736): ReflectionClass->__construct('App\\Http\\Contro...')
#1 C:\Web\skillbazaar\api\vendor\illuminate\container\Container.php(626): Illuminate\Container\Container->build('App\\Http\\Contro...', Array)
#2 C:\Web\skillbazaar\api\vendor\laravel\lumen-framework\src\Application.php(432): Illuminate\Container\Container->make('App\\Http\\Contro...', Array)
#3 C:\Web\skillbazaar\api\vendor\laravel\lumen-framework\src\Application.php(1302): Laravel\Lumen\Application->make('App\\Http\\Contro...')
#4 C:\Web\skillbazaar\api\vendor\laravel\lumen-framework\src\Application.php(1275): Laravel\Lumen\Application->callControllerAction(Array)
#5 C:\Web\skillbazaar\api\vendor\laravel\lumen-framework\src\Application.php(1260): Laravel\Lumen\Application->callActionOnArrayBasedRoute(Array)
#6 C:\Web\skillbazaar\api\vendor\laravel\lumen-framework\src\Application.php(1179): Laravel\Lumen\Application->handleFoundRoute(Array)
#7 C:\Web\skillbazaar\api\vendor\laravel\lumen-framework\src\Application.php(1414): Laravel\Lumen\Application->Laravel\Lumen\{closure}()
#8 C:\Web\skillbazaar\api\vendor\laravel\lumen-framework\src\Application.php(1185): Laravel\Lumen\Application->sendThroughPipeline(Array, Object(Closure))
#9 C:\Web\skillbazaar\api\vendor\laravel\lumen-framework\src\Application.php(1125): Laravel\Lumen\Application->dispatch(NULL)
#10 C:\Web\skillbazaar\api\public\index.php(28): Laravel\Lumen\Application->run()
#11 {main}  
[2016-06-10 14:15:12] lumen.ERROR: ReflectionException: Class App\Http\Controllers\HomeController does not exist in C:\Web\skillbazaar\api\vendor\illuminate\container\Container.php:736
Stack trace:
#0 C:\Web\skillbazaar\api\vendor\illuminate\container\Container.php(736): ReflectionClass->__construct('App\\Http\\Contro...')
#1 C:\Web\skillbazaar\api\vendor\illuminate\container\Container.php(626): Illuminate\Container\Container->build('App\\Http\\Contro...', Array)
#2 C:\Web\skillbazaar\api\vendor\laravel\lumen-framework\src\Application.php(432): Illuminate\Container\Container->make('App\\Http\\Contro...', Array)
#3 C:\Web\skillbazaar\api\vendor\laravel\lumen-framework\src\Application.php(1302): Laravel\Lumen\Application->make('App\\Http\\Contro...')
#4 C:\Web\skillbazaar\api\vendor\laravel\lumen-framework\src\Application.php(1275): Laravel\Lumen\Application->callControllerAction(Array)
#5 C:\Web\skillbazaar\api\vendor\laravel\lumen-framework\src\Application.php(1260): Laravel\Lumen\Application->callActionOnArrayBasedRoute(Array)
#6 C:\Web\skillbazaar\api\vendor\laravel\lumen-framework\src\Application.php(1179): Laravel\Lumen\Application->handleFoundRoute(Array)
#7 C:\Web\skillbazaar\api\vendor\laravel\lumen-framework\src\Application.php(1414): Laravel\Lumen\Application->Laravel\Lumen\{closure}()
#8 C:\Web\skillbazaar\api\vendor\laravel\lumen-framework\src\Application.php(1185): Laravel\Lumen\Application->sendThroughPipeline(Array, Object(Closure))
#9 C:\Web\skillbazaar\api\vendor\laravel\lumen-framework\src\Application.php(1125): Laravel\Lumen\Application->dispatch(NULL)
#10 C:\Web\skillbazaar\api\public\index.php(28): Laravel\Lumen\Application->run()
#11 {main}  
[2016-06-10 14:17:33] lumen.ERROR: InvalidArgumentException: View [home] not found. in C:\Web\skillbazaar\api\vendor\illuminate\view\FileViewFinder.php:137
Stack trace:
#0 C:\Web\skillbazaar\api\vendor\illuminate\view\FileViewFinder.php(79): Illuminate\View\FileViewFinder->findInPaths('home', Array)
#1 C:\Web\skillbazaar\api\vendor\illuminate\view\Factory.php(151): Illuminate\View\FileViewFinder->find('home')
#2 C:\Web\skillbazaar\api\vendor\laravel\lumen-framework\src\helpers.php(423): Illuminate\View\Factory->make('home', Array, Array)
#3 C:\Web\skillbazaar\api\app\Http\Controllers\HomeController.php(11): view('home')
#4 [internal function]: App\Http\Controllers\HomeController->index()
#5 C:\Web\skillbazaar\api\vendor\illuminate\container\Container.php(502): call_user_func_array(Array, Array)
#6 C:\Web\skillbazaar\api\vendor\laravel\lumen-framework\src\Application.php(1371): Illuminate\Container\Container->call(Array, Array)
#7 C:\Web\skillbazaar\api\vendor\laravel\lumen-framework\src\Application.php(1335): Laravel\Lumen\Application->callControllerCallable(Array, Array)
#8 C:\Web\skillbazaar\api\vendor\laravel\lumen-framework\src\Application.php(1307): Laravel\Lumen\Application->callLumenController(Object(App\Http\Controllers\HomeController), 'index', Array)
#9 C:\Web\skillbazaar\api\vendor\laravel\lumen-framework\src\Application.php(1275): Laravel\Lumen\Application->callControllerAction(Array)
#10 C:\Web\skillbazaar\api\vendor\laravel\lumen-framework\src\Application.php(1260): Laravel\Lumen\Application->callActionOnArrayBasedRoute(Array)
#11 C:\Web\skillbazaar\api\vendor\laravel\lumen-framework\src\Application.php(1179): Laravel\Lumen\Application->handleFoundRoute(Array)
#12 C:\Web\skillbazaar\api\vendor\laravel\lumen-framework\src\Application.php(1414): Laravel\Lumen\Application->Laravel\Lumen\{closure}()
#13 C:\Web\skillbazaar\api\vendor\laravel\lumen-framework\src\Application.php(1185): Laravel\Lumen\Application->sendThroughPipeline(Array, Object(Closure))
#14 C:\Web\skillbazaar\api\vendor\laravel\lumen-framework\src\Application.php(1125): Laravel\Lumen\Application->dispatch(NULL)
#15 C:\Web\skillbazaar\api\public\index.php(28): Laravel\Lumen\Application->run()
#16 {main}  
[2016-06-10 14:21:27] lumen.ERROR: Symfony\Component\Debug\Exception\FatalThrowableError: Fatal error: Class 'Memcached' not found in C:\Web\skillbazaar\api\vendor\illuminate\cache\MemcachedConnector.php:51
Stack trace:
#0 C:\Web\skillbazaar\api\vendor\illuminate\cache\MemcachedConnector.php(20): Illuminate\Cache\MemcachedConnector->getMemcached()
#1 C:\Web\skillbazaar\api\vendor\illuminate\cache\CacheManager.php(156): Illuminate\Cache\MemcachedConnector->connect(Array)
#2 C:\Web\skillbazaar\api\vendor\illuminate\cache\CacheManager.php(97): Illuminate\Cache\CacheManager->createMemcachedDriver(Array)
#3 C:\Web\skillbazaar\api\vendor\illuminate\cache\CacheManager.php(77): Illuminate\Cache\CacheManager->resolve('memcached')
#4 C:\Web\skillbazaar\api\vendor\illuminate\cache\CacheManager.php(55): Illuminate\Cache\CacheManager->get('memcached')
#5 C:\Web\skillbazaar\api\vendor\illuminate\cache\CacheManager.php(66): Illuminate\Cache\CacheManager->store('memcached')
#6 C:\Web\skillbazaar\api\vendor\illuminate\session\SessionManager.php(156): Illuminate\Cache\CacheManager->driver('memcached')
#7 C:\Web\skillbazaar\api\vendor\illuminate\session\SessionManager.php(143): Illuminate\Session\SessionManager->createCacheHandler('memcached')
#8 C:\Web\skillbazaar\api\vendor\illuminate\session\SessionManager.php(108): Illuminate\Session\SessionManager->createCacheBased('memcached')
#9 C:\Web\skillbazaar\api\vendor\illuminate\support\Manager.php(87): Illuminate\Session\SessionManager->createMemcachedDriver()
#10 C:\Web\skillbazaar\api\vendor\illuminate\support\Manager.php(63): Illuminate\Support\Manager->createDriver('memcached')
#11 C:\Web\skillbazaar\api\vendor\illuminate\session\SessionServiceProvider.php(48): Illuminate\Support\Manager->driver()
#12 C:\Web\skillbazaar\api\vendor\illuminate\container\Container.php(733): Illuminate\Session\SessionServiceProvider->Illuminate\Session\{closure}(Object(Laravel\Lumen\Application), Array)
#13 C:\Web\skillbazaar\api\vendor\illuminate\container\Container.php(626): Illuminate\Container\Container->build(Object(Closure), Array)
#14 C:\Web\skillbazaar\api\vendor\laravel\lumen-framework\src\Application.php(432): Illuminate\Container\Container->make('session.store', Array)
#15 C:\Web\skillbazaar\api\vendor\laravel\lumen-framework\src\Application.php(807): Laravel\Lumen\Application->make('session.store')
#16 C:\Web\skillbazaar\api\vendor\laravel\lumen-framework\src\Application.php(717): Laravel\Lumen\Application->loadComponent('session', 'Illuminate\\Sess...', 'session.store')
#17 C:\Web\skillbazaar\api\vendor\illuminate\container\Container.php(733): Laravel\Lumen\Application->Laravel\Lumen\{closure}(Object(Laravel\Lumen\Application), Array)
#18 C:\Web\skillbazaar\api\vendor\illuminate\container\Container.php(626): Illuminate\Container\Container->build(Object(Closure), Array)
#19 C:\Web\skillbazaar\api\vendor\laravel\lumen-framework\src\Application.php(432): Illuminate\Container\Container->make('session.store', Array)
#20 C:\Web\skillbazaar\api\vendor\illuminate\container\Container.php(1157): Laravel\Lumen\Application->make('session.store')
#21 C:\Web\skillbazaar\api\vendor\illuminate\auth\AuthManager.php(93): Illuminate\Container\Container->offsetGet('session.store')
#22 C:\Web\skillbazaar\api\vendor\illuminate\support\Manager.php(87): Illuminate\Auth\AuthManager->createEloquentDriver()
#23 C:\Web\skillbazaar\api\vendor\illuminate\auth\AuthManager.php(18): Illuminate\Support\Manager->createDriver('eloquent')
#24 C:\Web\skillbazaar\api\vendor\illuminate\support\Manager.php(63): Illuminate\Auth\AuthManager->createDriver('eloquent')
#25 C:\Web\skillbazaar\api\vendor\illuminate\support\Manager.php(137): Illuminate\Support\Manager->driver()
#26 [internal function]: Illuminate\Support\Manager->__call('handle', Array)
#27 C:\Web\skillbazaar\api\vendor\illuminate\pipeline\Pipeline.php(124): call_user_func_array(Array, Array)
#28 [internal function]: Illuminate\Pipeline\Pipeline->Illuminate\Pipeline\{closure}(Object(Illuminate\Http\Request))
#29 C:\Web\skillbazaar\api\vendor\illuminate\pipeline\Pipeline.php(102): call_user_func(Object(Closure), Object(Illuminate\Http\Request))
#30 C:\Web\skillbazaar\api\vendor\laravel\lumen-framework\src\Application.php(1411): Illuminate\Pipeline\Pipeline->then(Object(Closure))
#31 C:\Web\skillbazaar\api\vendor\laravel\lumen-framework\src\Application.php(1357): Laravel\Lumen\Application->sendThroughPipeline(Array, Object(Closure))
#32 C:\Web\skillbazaar\api\vendor\laravel\lumen-framework\src\Application.php(1330): Laravel\Lumen\Application->callLumenControllerWithMiddleware(Object(App\Http\Controllers\UserController), 'index', Array, Array)
#33 C:\Web\skillbazaar\api\vendor\laravel\lumen-framework\src\Application.php(1307): Laravel\Lumen\Application->callLumenController(Object(App\Http\Controllers\UserController), 'index', Array)
#34 C:\Web\skillbazaar\api\vendor\laravel\lumen-framework\src\Application.php(1275): Laravel\Lumen\Application->callControllerAction(Array)
#35 C:\Web\skillbazaar\api\vendor\laravel\lumen-framework\src\Application.php(1260): Laravel\Lumen\Application->callActionOnArrayBasedRoute(Array)
#36 C:\Web\skillbazaar\api\vendor\laravel\lumen-framework\src\Application.php(1179): Laravel\Lumen\Application->handleFoundRoute(Array)
#37 C:\Web\skillbazaar\api\vendor\laravel\lumen-framework\src\Application.php(1414): Laravel\Lumen\Application->Laravel\Lumen\{closure}()
#38 C:\Web\skillbazaar\api\vendor\laravel\lumen-framework\src\Application.php(1185): Laravel\Lumen\Application->sendThroughPipeline(Array, Object(Closure))
#39 C:\Web\skillbazaar\api\vendor\laravel\lumen-framework\src\Application.php(1125): Laravel\Lumen\Application->dispatch(NULL)
#40 C:\Web\skillbazaar\api\public\index.php(28): Laravel\Lumen\Application->run()
#41 {main}  
[2016-06-10 14:22:29] lumen.ERROR: Symfony\Component\Debug\Exception\FatalThrowableError: Fatal error: Class 'Memcached' not found in C:\Web\skillbazaar\api\vendor\illuminate\cache\MemcachedConnector.php:51
Stack trace:
#0 C:\Web\skillbazaar\api\vendor\illuminate\cache\MemcachedConnector.php(20): Illuminate\Cache\MemcachedConnector->getMemcached()
#1 C:\Web\skillbazaar\api\vendor\illuminate\cache\CacheManager.php(156): Illuminate\Cache\MemcachedConnector->connect(Array)
#2 C:\Web\skillbazaar\api\vendor\illuminate\cache\CacheManager.php(97): Illuminate\Cache\CacheManager->createMemcachedDriver(Array)
#3 C:\Web\skillbazaar\api\vendor\illuminate\cache\CacheManager.php(77): Illuminate\Cache\CacheManager->resolve('memcached')
#4 C:\Web\skillbazaar\api\vendor\illuminate\cache\CacheManager.php(55): Illuminate\Cache\CacheManager->get('memcached')
#5 C:\Web\skillbazaar\api\vendor\illuminate\cache\CacheManager.php(66): Illuminate\Cache\CacheManager->store('memcached')
#6 C:\Web\skillbazaar\api\vendor\illuminate\session\SessionManager.php(156): Illuminate\Cache\CacheManager->driver('memcached')
#7 C:\Web\skillbazaar\api\vendor\illuminate\session\SessionManager.php(143): Illuminate\Session\SessionManager->createCacheHandler('memcached')
#8 C:\Web\skillbazaar\api\vendor\illuminate\session\SessionManager.php(108): Illuminate\Session\SessionManager->createCacheBased('memcached')
#9 C:\Web\skillbazaar\api\vendor\illuminate\support\Manager.php(87): Illuminate\Session\SessionManager->createMemcachedDriver()
#10 C:\Web\skillbazaar\api\vendor\illuminate\support\Manager.php(63): Illuminate\Support\Manager->createDriver('memcached')
#11 C:\Web\skillbazaar\api\vendor\illuminate\session\SessionServiceProvider.php(48): Illuminate\Support\Manager->driver()
#12 C:\Web\skillbazaar\api\vendor\illuminate\container\Container.php(733): Illuminate\Session\SessionServiceProvider->Illuminate\Session\{closure}(Object(Laravel\Lumen\Application), Array)
#13 C:\Web\skillbazaar\api\vendor\illuminate\container\Container.php(626): Illuminate\Container\Container->build(Object(Closure), Array)
#14 C:\Web\skillbazaar\api\vendor\laravel\lumen-framework\src\Application.php(432): Illuminate\Container\Container->make('session.store', Array)
#15 C:\Web\skillbazaar\api\vendor\laravel\lumen-framework\src\Application.php(807): Laravel\Lumen\Application->make('session.store')
#16 C:\Web\skillbazaar\api\vendor\laravel\lumen-framework\src\Application.php(717): Laravel\Lumen\Application->loadComponent('session', 'Illuminate\\Sess...', 'session.store')
#17 C:\Web\skillbazaar\api\vendor\illuminate\container\Container.php(733): Laravel\Lumen\Application->Laravel\Lumen\{closure}(Object(Laravel\Lumen\Application), Array)
#18 C:\Web\skillbazaar\api\vendor\illuminate\container\Container.php(626): Illuminate\Container\Container->build(Object(Closure), Array)
#19 C:\Web\skillbazaar\api\vendor\laravel\lumen-framework\src\Application.php(432): Illuminate\Container\Container->make('session.store', Array)
#20 C:\Web\skillbazaar\api\vendor\illuminate\container\Container.php(1157): Laravel\Lumen\Application->make('session.store')
#21 C:\Web\skillbazaar\api\vendor\illuminate\auth\AuthManager.php(93): Illuminate\Container\Container->offsetGet('session.store')
#22 C:\Web\skillbazaar\api\vendor\illuminate\support\Manager.php(87): Illuminate\Auth\AuthManager->createEloquentDriver()
#23 C:\Web\skillbazaar\api\vendor\illuminate\auth\AuthManager.php(18): Illuminate\Support\Manager->createDriver('eloquent')
#24 C:\Web\skillbazaar\api\vendor\illuminate\support\Manager.php(63): Illuminate\Auth\AuthManager->createDriver('eloquent')
#25 C:\Web\skillbazaar\api\vendor\illuminate\support\Manager.php(137): Illuminate\Support\Manager->driver()
#26 [internal function]: Illuminate\Support\Manager->__call('handle', Array)
#27 C:\Web\skillbazaar\api\vendor\illuminate\pipeline\Pipeline.php(124): call_user_func_array(Array, Array)
#28 [internal function]: Illuminate\Pipeline\Pipeline->Illuminate\Pipeline\{closure}(Object(Illuminate\Http\Request))
#29 C:\Web\skillbazaar\api\vendor\illuminate\pipeline\Pipeline.php(102): call_user_func(Object(Closure), Object(Illuminate\Http\Request))
#30 C:\Web\skillbazaar\api\vendor\laravel\lumen-framework\src\Application.php(1411): Illuminate\Pipeline\Pipeline->then(Object(Closure))
#31 C:\Web\skillbazaar\api\vendor\laravel\lumen-framework\src\Application.php(1357): Laravel\Lumen\Application->sendThroughPipeline(Array, Object(Closure))
#32 C:\Web\skillbazaar\api\vendor\laravel\lumen-framework\src\Application.php(1330): Laravel\Lumen\Application->callLumenControllerWithMiddleware(Object(App\Http\Controllers\UserController), 'index', Array, Array)
#33 C:\Web\skillbazaar\api\vendor\laravel\lumen-framework\src\Application.php(1307): Laravel\Lumen\Application->callLumenController(Object(App\Http\Controllers\UserController), 'index', Array)
#34 C:\Web\skillbazaar\api\vendor\laravel\lumen-framework\src\Application.php(1275): Laravel\Lumen\Application->callControllerAction(Array)
#35 C:\Web\skillbazaar\api\vendor\laravel\lumen-framework\src\Application.php(1260): Laravel\Lumen\Application->callActionOnArrayBasedRoute(Array)
#36 C:\Web\skillbazaar\api\vendor\laravel\lumen-framework\src\Application.php(1179): Laravel\Lumen\Application->handleFoundRoute(Array)
#37 C:\Web\skillbazaar\api\vendor\laravel\lumen-framework\src\Application.php(1414): Laravel\Lumen\Application->Laravel\Lumen\{closure}()
#38 C:\Web\skillbazaar\api\vendor\laravel\lumen-framework\src\Application.php(1185): Laravel\Lumen\Application->sendThroughPipeline(Array, Object(Closure))
#39 C:\Web\skillbazaar\api\vendor\laravel\lumen-framework\src\Application.php(1125): Laravel\Lumen\Application->dispatch(NULL)
#40 C:\Web\skillbazaar\api\public\index.php(28): Laravel\Lumen\Application->run()
#41 {main}  
[2016-06-10 14:22:35] lumen.ERROR: Symfony\Component\Debug\Exception\FatalThrowableError: Fatal error: Class 'Memcached' not found in C:\Web\skillbazaar\api\vendor\illuminate\cache\MemcachedConnector.php:51
Stack trace:
#0 C:\Web\skillbazaar\api\vendor\illuminate\cache\MemcachedConnector.php(20): Illuminate\Cache\MemcachedConnector->getMemcached()
#1 C:\Web\skillbazaar\api\vendor\illuminate\cache\CacheManager.php(156): Illuminate\Cache\MemcachedConnector->connect(Array)
#2 C:\Web\skillbazaar\api\vendor\illuminate\cache\CacheManager.php(97): Illuminate\Cache\CacheManager->createMemcachedDriver(Array)
#3 C:\Web\skillbazaar\api\vendor\illuminate\cache\CacheManager.php(77): Illuminate\Cache\CacheManager->resolve('memcached')
#4 C:\Web\skillbazaar\api\vendor\illuminate\cache\CacheManager.php(55): Illuminate\Cache\CacheManager->get('memcached')
#5 C:\Web\skillbazaar\api\vendor\illuminate\cache\CacheManager.php(66): Illuminate\Cache\CacheManager->store('memcached')
#6 C:\Web\skillbazaar\api\vendor\illuminate\session\SessionManager.php(156): Illuminate\Cache\CacheManager->driver('memcached')
#7 C:\Web\skillbazaar\api\vendor\illuminate\session\SessionManager.php(143): Illuminate\Session\SessionManager->createCacheHandler('memcached')
#8 C:\Web\skillbazaar\api\vendor\illuminate\session\SessionManager.php(108): Illuminate\Session\SessionManager->createCacheBased('memcached')
#9 C:\Web\skillbazaar\api\vendor\illuminate\support\Manager.php(87): Illuminate\Session\SessionManager->createMemcachedDriver()
#10 C:\Web\skillbazaar\api\vendor\illuminate\support\Manager.php(63): Illuminate\Support\Manager->createDriver('memcached')
#11 C:\Web\skillbazaar\api\vendor\illuminate\session\SessionServiceProvider.php(48): Illuminate\Support\Manager->driver()
#12 C:\Web\skillbazaar\api\vendor\illuminate\container\Container.php(733): Illuminate\Session\SessionServiceProvider->Illuminate\Session\{closure}(Object(Laravel\Lumen\Application), Array)
#13 C:\Web\skillbazaar\api\vendor\illuminate\container\Container.php(626): Illuminate\Container\Container->build(Object(Closure), Array)
#14 C:\Web\skillbazaar\api\vendor\laravel\lumen-framework\src\Application.php(432): Illuminate\Container\Container->make('session.store', Array)
#15 C:\Web\skillbazaar\api\vendor\laravel\lumen-framework\src\Application.php(807): Laravel\Lumen\Application->make('session.store')
#16 C:\Web\skillbazaar\api\vendor\laravel\lumen-framework\src\Application.php(717): Laravel\Lumen\Application->loadComponent('session', 'Illuminate\\Sess...', 'session.store')
#17 C:\Web\skillbazaar\api\vendor\illuminate\container\Container.php(733): Laravel\Lumen\Application->Laravel\Lumen\{closure}(Object(Laravel\Lumen\Application), Array)
#18 C:\Web\skillbazaar\api\vendor\illuminate\container\Container.php(626): Illuminate\Container\Container->build(Object(Closure), Array)
#19 C:\Web\skillbazaar\api\vendor\laravel\lumen-framework\src\Application.php(432): Illuminate\Container\Container->make('session.store', Array)
#20 C:\Web\skillbazaar\api\vendor\illuminate\container\Container.php(1157): Laravel\Lumen\Application->make('session.store')
#21 C:\Web\skillbazaar\api\vendor\illuminate\auth\AuthManager.php(93): Illuminate\Container\Container->offsetGet('session.store')
#22 C:\Web\skillbazaar\api\vendor\illuminate\support\Manager.php(87): Illuminate\Auth\AuthManager->createEloquentDriver()
#23 C:\Web\skillbazaar\api\vendor\illuminate\auth\AuthManager.php(18): Illuminate\Support\Manager->createDriver('eloquent')
#24 C:\Web\skillbazaar\api\vendor\illuminate\support\Manager.php(63): Illuminate\Auth\AuthManager->createDriver('eloquent')
#25 C:\Web\skillbazaar\api\vendor\illuminate\support\Manager.php(137): Illuminate\Support\Manager->driver()
#26 [internal function]: Illuminate\Support\Manager->__call('handle', Array)
#27 C:\Web\skillbazaar\api\vendor\illuminate\pipeline\Pipeline.php(124): call_user_func_array(Array, Array)
#28 [internal function]: Illuminate\Pipeline\Pipeline->Illuminate\Pipeline\{closure}(Object(Illuminate\Http\Request))
#29 C:\Web\skillbazaar\api\vendor\illuminate\pipeline\Pipeline.php(102): call_user_func(Object(Closure), Object(Illuminate\Http\Request))
#30 C:\Web\skillbazaar\api\vendor\laravel\lumen-framework\src\Application.php(1411): Illuminate\Pipeline\Pipeline->then(Object(Closure))
#31 C:\Web\skillbazaar\api\vendor\laravel\lumen-framework\src\Application.php(1357): Laravel\Lumen\Application->sendThroughPipeline(Array, Object(Closure))
#32 C:\Web\skillbazaar\api\vendor\laravel\lumen-framework\src\Application.php(1330): Laravel\Lumen\Application->callLumenControllerWithMiddleware(Object(App\Http\Controllers\UserController), 'index', Array, Array)
#33 C:\Web\skillbazaar\api\vendor\laravel\lumen-framework\src\Application.php(1307): Laravel\Lumen\Application->callLumenController(Object(App\Http\Controllers\UserController), 'index', Array)
#34 C:\Web\skillbazaar\api\vendor\laravel\lumen-framework\src\Application.php(1275): Laravel\Lumen\Application->callControllerAction(Array)
#35 C:\Web\skillbazaar\api\vendor\laravel\lumen-framework\src\Application.php(1260): Laravel\Lumen\Application->callActionOnArrayBasedRoute(Array)
#36 C:\Web\skillbazaar\api\vendor\laravel\lumen-framework\src\Application.php(1179): Laravel\Lumen\Application->handleFoundRoute(Array)
#37 C:\Web\skillbazaar\api\vendor\laravel\lumen-framework\src\Application.php(1414): Laravel\Lumen\Application->Laravel\Lumen\{closure}()
#38 C:\Web\skillbazaar\api\vendor\laravel\lumen-framework\src\Application.php(1185): Laravel\Lumen\Application->sendThroughPipeline(Array, Object(Closure))
#39 C:\Web\skillbazaar\api\vendor\laravel\lumen-framework\src\Application.php(1125): Laravel\Lumen\Application->dispatch(NULL)
#40 C:\Web\skillbazaar\api\public\index.php(28): Laravel\Lumen\Application->run()
#41 {main}  
[2016-06-10 14:24:37] lumen.ERROR: Symfony\Component\Debug\Exception\FatalThrowableError: Fatal error: Class 'Memcached' not found in C:\Web\skillbazaar\api\vendor\illuminate\cache\MemcachedConnector.php:51
Stack trace:
#0 C:\Web\skillbazaar\api\vendor\illuminate\cache\MemcachedConnector.php(20): Illuminate\Cache\MemcachedConnector->getMemcached()
#1 C:\Web\skillbazaar\api\vendor\illuminate\cache\CacheManager.php(156): Illuminate\Cache\MemcachedConnector->connect(Array)
#2 C:\Web\skillbazaar\api\vendor\illuminate\cache\CacheManager.php(97): Illuminate\Cache\CacheManager->createMemcachedDriver(Array)
#3 C:\Web\skillbazaar\api\vendor\illuminate\cache\CacheManager.php(77): Illuminate\Cache\CacheManager->resolve('memcached')
#4 C:\Web\skillbazaar\api\vendor\illuminate\cache\CacheManager.php(55): Illuminate\Cache\CacheManager->get('memcached')
#5 C:\Web\skillbazaar\api\vendor\illuminate\cache\CacheManager.php(66): Illuminate\Cache\CacheManager->store('memcached')
#6 C:\Web\skillbazaar\api\vendor\illuminate\session\SessionManager.php(156): Illuminate\Cache\CacheManager->driver('memcached')
#7 C:\Web\skillbazaar\api\vendor\illuminate\session\SessionManager.php(143): Illuminate\Session\SessionManager->createCacheHandler('memcached')
#8 C:\Web\skillbazaar\api\vendor\illuminate\session\SessionManager.php(108): Illuminate\Session\SessionManager->createCacheBased('memcached')
#9 C:\Web\skillbazaar\api\vendor\illuminate\support\Manager.php(87): Illuminate\Session\SessionManager->createMemcachedDriver()
#10 C:\Web\skillbazaar\api\vendor\illuminate\support\Manager.php(63): Illuminate\Support\Manager->createDriver('memcached')
#11 C:\Web\skillbazaar\api\vendor\illuminate\session\SessionServiceProvider.php(48): Illuminate\Support\Manager->driver()
#12 C:\Web\skillbazaar\api\vendor\illuminate\container\Container.php(733): Illuminate\Session\SessionServiceProvider->Illuminate\Session\{closure}(Object(Laravel\Lumen\Application), Array)
#13 C:\Web\skillbazaar\api\vendor\illuminate\container\Container.php(626): Illuminate\Container\Container->build(Object(Closure), Array)
#14 C:\Web\skillbazaar\api\vendor\laravel\lumen-framework\src\Application.php(432): Illuminate\Container\Container->make('session.store', Array)
#15 C:\Web\skillbazaar\api\vendor\laravel\lumen-framework\src\Application.php(807): Laravel\Lumen\Application->make('session.store')
#16 C:\Web\skillbazaar\api\vendor\laravel\lumen-framework\src\Application.php(717): Laravel\Lumen\Application->loadComponent('session', 'Illuminate\\Sess...', 'session.store')
#17 C:\Web\skillbazaar\api\vendor\illuminate\container\Container.php(733): Laravel\Lumen\Application->Laravel\Lumen\{closure}(Object(Laravel\Lumen\Application), Array)
#18 C:\Web\skillbazaar\api\vendor\illuminate\container\Container.php(626): Illuminate\Container\Container->build(Object(Closure), Array)
#19 C:\Web\skillbazaar\api\vendor\laravel\lumen-framework\src\Application.php(432): Illuminate\Container\Container->make('session.store', Array)
#20 C:\Web\skillbazaar\api\vendor\illuminate\container\Container.php(1157): Laravel\Lumen\Application->make('session.store')
#21 C:\Web\skillbazaar\api\vendor\illuminate\auth\AuthManager.php(93): Illuminate\Container\Container->offsetGet('session.store')
#22 C:\Web\skillbazaar\api\vendor\illuminate\support\Manager.php(87): Illuminate\Auth\AuthManager->createEloquentDriver()
#23 C:\Web\skillbazaar\api\vendor\illuminate\auth\AuthManager.php(18): Illuminate\Support\Manager->createDriver('eloquent')
#24 C:\Web\skillbazaar\api\vendor\illuminate\support\Manager.php(63): Illuminate\Auth\AuthManager->createDriver('eloquent')
#25 C:\Web\skillbazaar\api\vendor\illuminate\support\Manager.php(137): Illuminate\Support\Manager->driver()
#26 [internal function]: Illuminate\Support\Manager->__call('handle', Array)
#27 C:\Web\skillbazaar\api\vendor\illuminate\pipeline\Pipeline.php(124): call_user_func_array(Array, Array)
#28 [internal function]: Illuminate\Pipeline\Pipeline->Illuminate\Pipeline\{closure}(Object(Illuminate\Http\Request))
#29 C:\Web\skillbazaar\api\vendor\illuminate\pipeline\Pipeline.php(102): call_user_func(Object(Closure), Object(Illuminate\Http\Request))
#30 C:\Web\skillbazaar\api\vendor\laravel\lumen-framework\src\Application.php(1411): Illuminate\Pipeline\Pipeline->then(Object(Closure))
#31 C:\Web\skillbazaar\api\vendor\laravel\lumen-framework\src\Application.php(1357): Laravel\Lumen\Application->sendThroughPipeline(Array, Object(Closure))
#32 C:\Web\skillbazaar\api\vendor\laravel\lumen-framework\src\Application.php(1330): Laravel\Lumen\Application->callLumenControllerWithMiddleware(Object(App\Http\Controllers\UserController), 'index', Array, Array)
#33 C:\Web\skillbazaar\api\vendor\laravel\lumen-framework\src\Application.php(1307): Laravel\Lumen\Application->callLumenController(Object(App\Http\Controllers\UserController), 'index', Array)
#34 C:\Web\skillbazaar\api\vendor\laravel\lumen-framework\src\Application.php(1275): Laravel\Lumen\Application->callControllerAction(Array)
#35 C:\Web\skillbazaar\api\vendor\laravel\lumen-framework\src\Application.php(1260): Laravel\Lumen\Application->callActionOnArrayBasedRoute(Array)
#36 C:\Web\skillbazaar\api\vendor\laravel\lumen-framework\src\Application.php(1179): Laravel\Lumen\Application->handleFoundRoute(Array)
#37 C:\Web\skillbazaar\api\vendor\laravel\lumen-framework\src\Application.php(1414): Laravel\Lumen\Application->Laravel\Lumen\{closure}()
#38 C:\Web\skillbazaar\api\vendor\laravel\lumen-framework\src\Application.php(1185): Laravel\Lumen\Application->sendThroughPipeline(Array, Object(Closure))
#39 C:\Web\skillbazaar\api\vendor\laravel\lumen-framework\src\Application.php(1125): Laravel\Lumen\Application->dispatch(NULL)
#40 C:\Web\skillbazaar\api\public\index.php(28): Laravel\Lumen\Application->run()
#41 {main}  
[2016-06-10 15:08:13] lumen.ERROR: InvalidArgumentException: Auth guard driver [api] is not defined. in C:\Web\skillbazaar\api\vendor\illuminate\auth\AuthManager.php:97
Stack trace:
#0 C:\Web\skillbazaar\api\vendor\illuminate\auth\AuthManager.php(70): Illuminate\Auth\AuthManager->resolve('api')
#1 C:\Web\skillbazaar\api\vendor\illuminate\auth\AuthManager.php(288): Illuminate\Auth\AuthManager->guard()
#2 [internal function]: Illuminate\Auth\AuthManager->__call('handle', Array)
#3 C:\Web\skillbazaar\api\vendor\illuminate\pipeline\Pipeline.php(136): call_user_func_array(Array, Array)
#4 [internal function]: Illuminate\Pipeline\Pipeline->Illuminate\Pipeline\{closure}(Object(Illuminate\Http\Request))
#5 C:\Web\skillbazaar\api\vendor\laravel\lumen-framework\src\Routing\Pipeline.php(32): call_user_func(Object(Closure), Object(Illuminate\Http\Request))
#6 [internal function]: Laravel\Lumen\Routing\Pipeline->Laravel\Lumen\Routing\{closure}(Object(Illuminate\Http\Request))
#7 C:\Web\skillbazaar\api\vendor\illuminate\pipeline\Pipeline.php(102): call_user_func(Object(Closure), Object(Illuminate\Http\Request))
#8 C:\Web\skillbazaar\api\vendor\laravel\lumen-framework\src\Concerns\RoutesRequests.php(633): Illuminate\Pipeline\Pipeline->then(Object(Closure))
#9 C:\Web\skillbazaar\api\vendor\laravel\lumen-framework\src\Concerns\RoutesRequests.php(579): Laravel\Lumen\Application->sendThroughPipeline(Array, Object(Closure))
#10 C:\Web\skillbazaar\api\vendor\laravel\lumen-framework\src\Concerns\RoutesRequests.php(554): Laravel\Lumen\Application->callLumenControllerWithMiddleware(Object(App\Http\Controllers\UserController), 'index', Array, Array)
#11 C:\Web\skillbazaar\api\vendor\laravel\lumen-framework\src\Concerns\RoutesRequests.php(533): Laravel\Lumen\Application->callLumenController(Object(App\Http\Controllers\UserController), 'index', Array)
#12 C:\Web\skillbazaar\api\vendor\laravel\lumen-framework\src\Concerns\RoutesRequests.php(501): Laravel\Lumen\Application->callControllerAction(Array)
#13 C:\Web\skillbazaar\api\vendor\laravel\lumen-framework\src\Concerns\RoutesRequests.php(486): Laravel\Lumen\Application->callActionOnArrayBasedRoute(Array)
#14 C:\Web\skillbazaar\api\vendor\laravel\lumen-framework\src\Concerns\RoutesRequests.php(383): Laravel\Lumen\Application->handleFoundRoute(Array)
#15 C:\Web\skillbazaar\api\vendor\laravel\lumen-framework\src\Concerns\RoutesRequests.php(636): Laravel\Lumen\Application->Laravel\Lumen\Concerns\{closure}()
#16 C:\Web\skillbazaar\api\vendor\laravel\lumen-framework\src\Concerns\RoutesRequests.php(389): Laravel\Lumen\Application->sendThroughPipeline(Array, Object(Closure))
#17 C:\Web\skillbazaar\api\vendor\laravel\lumen-framework\src\Concerns\RoutesRequests.php(334): Laravel\Lumen\Application->dispatch(NULL)
#18 C:\Web\skillbazaar\api\public\index.php(28): Laravel\Lumen\Application->run()
#19 {main}  
